2016-01-28 13:19:25,056 [main] INFO  org.rubik.order.OrderServer - Starting OrderServer on localhost with PID 4431 (/Users/xiajinxin/Dev/eclipse4.3/workspace/showcase/showcase-cloud/order-service/target/classes started by xiajinxin in /Users/xiajinxin/Dev/eclipse4.3/workspace/showcase/showcase-cloud/order-service)
2016-01-28 13:19:25,063 [main] DEBUG org.rubik.order.OrderServer - Running with Spring Boot v1.2.8.RELEASE, Spring v4.1.9.RELEASE
2016-01-28 13:19:25,508 [main] INFO  org.rubik.order.OrderServer - Started OrderServer in 0.711 seconds (JVM running for 1.435)
2016-01-28 13:19:32,080 [main] INFO  org.rubik.order.OrderServer - Started OrderServer in 7.365 seconds (JVM running for 8.007)
2016-01-28 13:19:32,876 [XNIO-2 task-1] DEBUG org.rubik.order.web.OrderController - 执行order方法...
2016-01-28 13:19:37,356 [XNIO-2 task-2] DEBUG org.rubik.order.web.OrderController - 执行orderAsync方法...
2016-01-28 13:40:01,653 [main] INFO  org.rubik.order.OrderServer - Starting OrderServer on localhost with PID 4885 (/Users/xiajinxin/Dev/eclipse4.3/workspace/showcase/showcase-cloud/order-service/target/classes started by xiajinxin in /Users/xiajinxin/Dev/eclipse4.3/workspace/showcase/showcase-cloud/order-service)
2016-01-28 13:40:01,657 [main] DEBUG org.rubik.order.OrderServer - Running with Spring Boot v1.2.8.RELEASE, Spring v4.1.9.RELEASE
2016-01-28 13:40:02,039 [main] INFO  org.rubik.order.OrderServer - Started OrderServer in 0.689 seconds (JVM running for 1.559)
2016-01-28 13:40:09,244 [main] INFO  org.rubik.order.OrderServer - Started OrderServer in 7.992 seconds (JVM running for 8.765)
2016-01-28 13:40:19,065 [XNIO-2 task-1] DEBUG org.rubik.order.web.OrderController - 执行orderAsync方法...
2016-01-28 13:40:22,873 [XNIO-2 task-4] DEBUG org.rubik.order.web.OrderController - 执行orderAsync方法...
2016-01-28 13:40:28,599 [XNIO-2 task-7] DEBUG org.rubik.order.web.OrderController - 执行orderAsync方法...
2016-01-28 13:40:30,091 [XNIO-2 task-10] DEBUG org.rubik.order.web.OrderController - 执行orderAsync方法...
2016-01-28 13:40:31,561 [XNIO-2 task-13] DEBUG org.rubik.order.web.OrderController - 执行orderAsync方法...
2016-01-28 13:40:32,973 [XNIO-2 task-16] DEBUG org.rubik.order.web.OrderController - 执行orderAsync方法...
2016-01-28 13:41:01,062 [XNIO-2 task-19] DEBUG org.rubik.order.web.OrderController - 执行orderAsync方法...
2016-01-28 13:41:02,754 [XNIO-2 task-22] DEBUG org.rubik.order.web.OrderController - 执行orderAsync方法...
2016-01-28 13:41:04,331 [XNIO-2 task-25] DEBUG org.rubik.order.web.OrderController - 执行orderAsync方法...
2016-01-28 13:41:12,257 [XNIO-2 task-28] DEBUG org.rubik.order.web.OrderController - 执行orderAsync方法...
2016-01-28 13:41:13,657 [XNIO-2 task-31] DEBUG org.rubik.order.web.OrderController - 执行orderAsync方法...
2016-01-28 13:41:15,025 [XNIO-2 task-34] DEBUG org.rubik.order.web.OrderController - 执行orderAsync方法...
2016-01-28 13:41:16,473 [XNIO-2 task-37] DEBUG org.rubik.order.web.OrderController - 执行orderAsync方法...
2016-01-28 13:49:23,425 [main] INFO  org.rubik.order.OrderServer - Starting OrderServer on localhost with PID 4981 (/Users/xiajinxin/Dev/eclipse4.3/workspace/showcase/showcase-cloud/order-service/target/classes started by xiajinxin in /Users/xiajinxin/Dev/eclipse4.3/workspace/showcase/showcase-cloud/order-service)
2016-01-28 13:49:23,428 [main] DEBUG org.rubik.order.OrderServer - Running with Spring Boot v1.2.8.RELEASE, Spring v4.1.9.RELEASE
2016-01-28 13:49:23,798 [main] INFO  org.rubik.order.OrderServer - Started OrderServer in 0.622 seconds (JVM running for 1.34)
2016-01-28 13:49:29,771 [main] INFO  org.rubik.order.OrderServer - Started OrderServer in 6.678 seconds (JVM running for 7.313)
